caret_nominalTrainWorkflow.R: Did this show up ?
[130674] caret_nominalTrainWorkflow.R: Did this show up ?
[130733] caret_nominalTrainWorkflow.R: Did this show up ?
[130733] caret_nominalTrainWorkflow.R: Did this show up ?
[130733] caret_nominalTrainWorkflow.R: Did this show up ?
[130935] caret_nominalTrainWorkflow.R: bgn parallel processing for result...
[130936] caret_nominalTrainWorkflow.R: iter: 1; parm: 1; processing...
[130936] caret_nominalTrainWorkflow.R: iter: 2; parm: 1; processing...
[130936] caret_nominalTrainWorkflow.R: iter: 3; parm: 1; processing...
[131535] caret_nominalTrainWorkflow.R: bgn parallel processing for result...
[131535] caret_nominalTrainWorkflow.R: iter: 1; parm: 1; processing...
[131535] caret_nominalTrainWorkflow.R: iter: 2; parm: 1; processing...
[131535] caret_nominalTrainWorkflow.R: iter: 3; parm: 1; processing...
[131946] caret_nominalTrainWorkflow.R: iter: 3; parm: 1; names(mod$fit$model)[1:5]: .outcome,.rnorm,biddable,cellular.fctr1,cellular.fctrUnknown; constructed...
[131992] caret_nominalTrainWorkflow.R: bgn parallel processing for result...
[131993] caret_nominalTrainWorkflow.R: iter: 1; parm: 1; processing...
[131993] caret_nominalTrainWorkflow.R: iter: 2; parm: 1; processing...
[131993] caret_nominalTrainWorkflow.R: iter: 3; parm: 1; processing...
[132223] caret_nominalTrainWorkflow.R: bgn parallel processing for result...
[132224] caret_nominalTrainWorkflow.R: iter: 1; parm: 1; processing...
[132224] caret_nominalTrainWorkflow.R: iter: 2; parm: 1; processing...
[132224] caret_nominalTrainWorkflow.R: iter: 3; parm: 1; processing...
[132224] caret_nominalTrainWorkflow.R: iter: 1; parm: 1; calling createModel...
[132224] caret_nominalTrainWorkflow.R: iter: 3; parm: 1; calling createModel...
[132224] caret_nominalTrainWorkflow.R: iter: 2; parm: 1; calling createModel...
[132729] caret_nominalTrainWorkflow.R: bgn parallel processing for result...
[132730] caret_nominalTrainWorkflow.R: iter: 1; parm: 1; processing...
[132730] caret_nominalTrainWorkflow.R: iter: 2; parm: 1; processing...
[132730] caret_nominalTrainWorkflow.R: iter: 3; parm: 1; processing...
[132730] caret_nominalTrainWorkflow.R: iter: 1; parm: 1; calling createModel...
[132730] caret_nominalTrainWorkflow.R: iter: 2; parm: 1; calling createModel...
[132730] caret_nominalTrainWorkflow.R: iter: 3; parm: 1; calling createModel...
[136639] caret_nominalTrainWorkflow.R: iter: 1; parm: 1; processing...
[136639] caret_nominalTrainWorkflow.R: iter: 2; parm: 1; processing...
[136639] caret_nominalTrainWorkflow.R: iter: 3; parm: 1; processing...
[136639] caret_nominalTrainWorkflow.R: iter: 1; parm: 1; calling createModel...
[136639] caret_nominalTrainWorkflow.R: iter: 2; parm: 1; calling createModel...
[136639] caret_nominalTrainWorkflow.R: iter: 3; parm: 1; calling createModel...
[136639] caret_nominalTrainWorkflow.R: entering mycreateModel...
[136639] caret_nominalTrainWorkflow.R: entering mycreateModel...
[136639] caret_nominalTrainWorkflow.R: entering mycreateModel...
[137006] caret_nominalTrainWorkflow.R: iter: 2; parm: 1; processing...
[137006] caret_nominalTrainWorkflow.R: iter: 3; parm: 1; processing...
[137006] caret_nominalTrainWorkflow.R: iter: 1; parm: 1; processing...
[137006] caret_nominalTrainWorkflow.R: iter: 2; parm: 1; calling createModel...
[137006] caret_nominalTrainWorkflow.R: iter: 3; parm: 1; calling createModel...
[137006] caret_nominalTrainWorkflow.R: iter: 1; parm: 1; calling createModel...
[137006] caret_nominalTrainWorkflow.R: entering mycreateModel...
[137006] caret_nominalTrainWorkflow.R: entering mycreateModel...
[137006] caret_nominalTrainWorkflow.R: entering mycreateModel...
[137006] caret_nominalTrainWorkflow.R: cond1: FALSE
[137006] caret_nominalTrainWorkflow.R: cond1: FALSE
[137006] caret_nominalTrainWorkflow.R: cond1: FALSE
[137368] caret_nominalTrainWorkflow.R: iter: 2; parm: 1; processing...
[137368] caret_nominalTrainWorkflow.R: iter: 1; parm: 1; processing...
[137368] caret_nominalTrainWorkflow.R: iter: 3; parm: 1; processing...
[137368] caret_nominalTrainWorkflow.R: iter: 2; parm: 1; calling createModel...
[137368] caret_nominalTrainWorkflow.R: iter: 1; parm: 1; calling createModel...
[137368] caret_nominalTrainWorkflow.R: iter: 3; parm: 1; calling createModel...
[137368] caret_nominalTrainWorkflow.R: entering mycreateModel...
[137368] caret_nominalTrainWorkflow.R: entering mycreateModel...
[137368] caret_nominalTrainWorkflow.R: entering mycreateModel...
[137368] caret_nominalTrainWorkflow.R: cond1: FALSE; cond2: FALSE; cond3: FALSE
[137368] caret_nominalTrainWorkflow.R: cond1: FALSE; cond2: FALSE; cond3: FALSE
[137368] caret_nominalTrainWorkflow.R: cond1: FALSE; cond2: FALSE; cond3: FALSE
[137749] caret_nominalTrainWorkflow.R: iter: 1; parm: 1; processing...
[137749] caret_nominalTrainWorkflow.R: iter: 2; parm: 1; processing...
[137749] caret_nominalTrainWorkflow.R: iter: 3; parm: 1; processing...
[137749] caret_nominalTrainWorkflow.R: iter: 1; parm: 1; calling createModel...
[137749] caret_nominalTrainWorkflow.R: iter: 2; parm: 1; calling createModel...
[137749] caret_nominalTrainWorkflow.R: iter: 3; parm: 1; calling createModel...
[137749] caret_nominalTrainWorkflow.R: entering mycreateModel...
[137749] caret_nominalTrainWorkflow.R: entering mycreateModel...
[137749] caret_nominalTrainWorkflow.R: entering mycreateModel...
[137749] caret_nominalTrainWorkflow.R: cond1: FALSE; cond2: FALSE; cond3: FALSE
[137749] caret_nominalTrainWorkflow.R: cond1: FALSE; cond2: FALSE; cond3: FALSE
[137749] caret_nominalTrainWorkflow.R: cond1: FALSE; cond2: FALSE; cond3: FALSE
[138049] caret_nominalTrainWorkflow.R: iter: 1; parm: 1; processing...
[138049] caret_nominalTrainWorkflow.R: iter: 2; parm: 1; processing...
[138049] caret_nominalTrainWorkflow.R: iter: 3; parm: 1; processing...
[138049] caret_nominalTrainWorkflow.R: iter: 2; parm: 1; calling createModel...
[138049] caret_nominalTrainWorkflow.R: iter: 1; parm: 1; calling createModel...
[138049] caret_nominalTrainWorkflow.R: iter: 3; parm: 1; calling createModel...
[138049] caret_nominalTrainWorkflow.R: entering mycreateModel...
[138049] caret_nominalTrainWorkflow.R: entering mycreateModel...
[138049] caret_nominalTrainWorkflow.R: entering mycreateModel...
[138049] caret_nominalTrainWorkflow.R: cond1: FALSE; cond2: FALSE; cond3: FALSE
[138049] caret_nominalTrainWorkflow.R: cond1: FALSE; cond2: FALSE; cond3: FALSE
[138049] caret_nominalTrainWorkflow.R: cond1: FALSE; cond2: FALSE; cond3: FALSE
[138049] caret_nominalTrainWorkflow.R: calling Generalized Linear Model$fit...
[138049] caret_nominalTrainWorkflow.R: calling Generalized Linear Model$fit...
[138049] caret_nominalTrainWorkflow.R: calling Generalized Linear Model$fit...
[139323] caret_nominalTrainWorkflow.R: iter: 1; parm: 1; processing...
[139323] caret_nominalTrainWorkflow.R: iter: 2; parm: 1; processing...
[139323] caret_nominalTrainWorkflow.R: iter: 3; parm: 1; processing...
[139323] caret_nominalTrainWorkflow.R: iter: 4; parm: 1; processing...
[139323] caret_nominalTrainWorkflow.R: iter: 5; parm: 1; processing...
[139323] caret_nominalTrainWorkflow.R: iter: 6; parm: 1; processing...
[139323] caret_nominalTrainWorkflow.R: iter: 1; parm: 1; calling createModel...
[139323] caret_nominalTrainWorkflow.R: iter: 2; parm: 1; calling createModel...
[139323] caret_nominalTrainWorkflow.R: iter: 3; parm: 1; calling createModel...
[139323] caret_nominalTrainWorkflow.R: entering mycreateModel...
[139323] caret_nominalTrainWorkflow.R: entering mycreateModel...
[139323] caret_nominalTrainWorkflow.R: entering mycreateModel...
[139323] caret_nominalTrainWorkflow.R: iter: 4; parm: 1; calling createModel...
[139323] caret_nominalTrainWorkflow.R: iter: 5; parm: 1; calling createModel...
[139323] caret_nominalTrainWorkflow.R: cond1: FALSE; cond2: FALSE; cond3: FALSE
[139323] caret_nominalTrainWorkflow.R: cond1: FALSE; cond2: FALSE; cond3: FALSE
[139323] caret_nominalTrainWorkflow.R: iter: 6; parm: 1; calling createModel...
[139323] caret_nominalTrainWorkflow.R: cond1: FALSE; cond2: FALSE; cond3: FALSE
[139323] caret_nominalTrainWorkflow.R: entering mycreateModel...
[139323] caret_nominalTrainWorkflow.R: entering mycreateModel...
[139323] caret_nominalTrainWorkflow.R: calling Generalized Linear Model$fit...
[139323] caret_nominalTrainWorkflow.R: calling Generalized Linear Model$fit...
[139323] caret_nominalTrainWorkflow.R: entering mycreateModel...
[139323] caret_nominalTrainWorkflow.R: calling Generalized Linear Model$fit...
[139323] caret_nominalTrainWorkflow.R: cond1: FALSE; cond2: FALSE; cond3: FALSE
[139323] caret_nominalTrainWorkflow.R: cond1: FALSE; cond2: FALSE; cond3: FALSE
[139323] caret_nominalTrainWorkflow.R: entering mymethodfit...
[139323] caret_nominalTrainWorkflow.R: entering mymethodfit...
[139323] caret_nominalTrainWorkflow.R: cond1: FALSE; cond2: FALSE; cond3: FALSE
[139323] caret_nominalTrainWorkflow.R: entering mymethodfit...
[139323] caret_nominalTrainWorkflow.R: calling Generalized Linear Model$fit...
[139323] caret_nominalTrainWorkflow.R: calling Generalized Linear Model$fit...
[139323] caret_nominalTrainWorkflow.R: calling Generalized Linear Model$fit...
[139323] caret_nominalTrainWorkflow.R: entering mymethodfit...
[139323] caret_nominalTrainWorkflow.R: entering mymethodfit...
[139323] caret_nominalTrainWorkflow.R: entering mymethodfit...
[139491] caret_nominalTrainWorkflow.R: iter: 1; parm: 1; processing...
[139491] caret_nominalTrainWorkflow.R: iter: 2; parm: 1; processing...
[139491] caret_nominalTrainWorkflow.R: iter: 3; parm: 1; processing...
[139491] caret_nominalTrainWorkflow.R: iter: 4; parm: 1; processing...
[139491] caret_nominalTrainWorkflow.R: iter: 5; parm: 1; processing...
[139491] caret_nominalTrainWorkflow.R: iter: 6; parm: 1; processing...
[139491] caret_nominalTrainWorkflow.R: iter: 1; parm: 1; calling createModel...
[139491] caret_nominalTrainWorkflow.R: iter: 2; parm: 1; calling createModel...
[139491] caret_nominalTrainWorkflow.R: iter: 3; parm: 1; calling createModel...
[139491] caret_nominalTrainWorkflow.R: entering mycreateModel...
[139491] caret_nominalTrainWorkflow.R: iter: 4; parm: 1; calling createModel...
[139491] caret_nominalTrainWorkflow.R: iter: 5; parm: 1; calling createModel...
[139491] caret_nominalTrainWorkflow.R: entering mycreateModel...
[139491] caret_nominalTrainWorkflow.R: entering mycreateModel...
[139491] caret_nominalTrainWorkflow.R: iter: 6; parm: 1; calling createModel...
[139491] caret_nominalTrainWorkflow.R: cond1: FALSE; cond2: FALSE; cond3: FALSE
[139491] caret_nominalTrainWorkflow.R: entering mycreateModel...
[139491] caret_nominalTrainWorkflow.R: entering mycreateModel...
[139491] caret_nominalTrainWorkflow.R: cond1: FALSE; cond2: FALSE; cond3: FALSE
[139491] caret_nominalTrainWorkflow.R: cond1: FALSE; cond2: FALSE; cond3: FALSE
[139491] caret_nominalTrainWorkflow.R: entering mycreateModel...
[139491] caret_nominalTrainWorkflow.R: calling Generalized Linear Model$fit...
[139491] caret_nominalTrainWorkflow.R: cond1: FALSE; cond2: FALSE; cond3: FALSE
[139491] caret_nominalTrainWorkflow.R: cond1: FALSE; cond2: FALSE; cond3: FALSE
[139491] caret_nominalTrainWorkflow.R: calling Generalized Linear Model$fit...
[139491] caret_nominalTrainWorkflow.R: calling Generalized Linear Model$fit...
[139491] caret_nominalTrainWorkflow.R: cond1: FALSE; cond2: FALSE; cond3: FALSE
[139491] caret_nominalTrainWorkflow.R: entering mymethodfit...
[139491] caret_nominalTrainWorkflow.R: calling Generalized Linear Model$fit...
[139491] caret_nominalTrainWorkflow.R: calling Generalized Linear Model$fit...
[139491] caret_nominalTrainWorkflow.R: entering mymethodfit...
[139491] caret_nominalTrainWorkflow.R: entering mymethodfit...
[139491] caret_nominalTrainWorkflow.R: calling Generalized Linear Model$fit...
[139491] caret_nominalTrainWorkflow.R: entering mymethodfit...
[139491] caret_nominalTrainWorkflow.R: entering mymethodfit...
[139491] caret_nominalTrainWorkflow.R: entering mymethodfit...
[139491] caret_nominalTrainWorkflow.R: calling glm...
[139491] caret_nominalTrainWorkflow.R: calling glm...
[139491] caret_nominalTrainWorkflow.R: calling glm...
[139491] caret_nominalTrainWorkflow.R: calling glm...
[139491] caret_nominalTrainWorkflow.R: calling glm...
[139491] caret_nominalTrainWorkflow.R: calling glm...
[140001] caret_nominalTrainWorkflow.R: iter: 5; parm: 1; processing...
[140001] caret_nominalTrainWorkflow.R: iter: 2; parm: 1; processing...
[140001] caret_nominalTrainWorkflow.R: iter: 3; parm: 1; processing...
[140001] caret_nominalTrainWorkflow.R: iter: 4; parm: 1; processing...
[140001] caret_nominalTrainWorkflow.R: iter: 1; parm: 1; processing...
[140001] caret_nominalTrainWorkflow.R: iter: 6; parm: 1; processing...
[140001] caret_nominalTrainWorkflow.R: iter: 6; parm: 1; calling createModel...
[140001] caret_nominalTrainWorkflow.R: iter: 4; parm: 1; calling createModel...
[140001] caret_nominalTrainWorkflow.R: iter: 1; parm: 1; calling createModel...
[140001] caret_nominalTrainWorkflow.R: iter: 2; parm: 1; calling createModel...
[140001] caret_nominalTrainWorkflow.R: iter: 5; parm: 1; calling createModel...
[140001] caret_nominalTrainWorkflow.R: iter: 3; parm: 1; calling createModel...
[140001] caret_nominalTrainWorkflow.R: entering mycreateModel...
[140001] caret_nominalTrainWorkflow.R: entering mycreateModel...
[140001] caret_nominalTrainWorkflow.R: entering mycreateModel...
[140001] caret_nominalTrainWorkflow.R: entering mycreateModel...
[140001] caret_nominalTrainWorkflow.R: entering mycreateModel...
[140001] caret_nominalTrainWorkflow.R: entering mycreateModel...
[140001] caret_nominalTrainWorkflow.R: cond1: FALSE; cond2: FALSE; cond3: FALSE
[140001] caret_nominalTrainWorkflow.R: cond1: FALSE; cond2: FALSE; cond3: FALSE
[140001] caret_nominalTrainWorkflow.R: cond1: FALSE; cond2: FALSE; cond3: FALSE
[140001] caret_nominalTrainWorkflow.R: cond1: FALSE; cond2: FALSE; cond3: FALSE
[140001] caret_nominalTrainWorkflow.R: cond1: FALSE; cond2: FALSE; cond3: FALSE
[140001] caret_nominalTrainWorkflow.R: calling Generalized Linear Model$fit...
[140001] caret_nominalTrainWorkflow.R: cond1: FALSE; cond2: FALSE; cond3: FALSE
[140001] caret_nominalTrainWorkflow.R: calling Generalized Linear Model$fit...
[140001] caret_nominalTrainWorkflow.R: calling Generalized Linear Model$fit...
[140001] caret_nominalTrainWorkflow.R: calling Generalized Linear Model$fit...
[140001] caret_nominalTrainWorkflow.R: calling Generalized Linear Model$fit...
[140001] caret_nominalTrainWorkflow.R: entering mymethodfit...
[140001] caret_nominalTrainWorkflow.R: entering mymethodfit...
[140001] caret_nominalTrainWorkflow.R: calling Generalized Linear Model$fit...
[140001] caret_nominalTrainWorkflow.R: entering mymethodfit...
[140001] caret_nominalTrainWorkflow.R: entering mymethodfit...
[140001] caret_nominalTrainWorkflow.R: entering mymethodfit...
[140001] caret_nominalTrainWorkflow.R: entering mymethodfit...
[140001] caret_nominalTrainWorkflow.R: calling glm...
[140001] caret_nominalTrainWorkflow.R: calling glm...
[140001] caret_nominalTrainWorkflow.R: calling glm...
[140001] caret_nominalTrainWorkflow.R: entering myglm...
[140001] caret_nominalTrainWorkflow.R: entering myglm...
[140001] caret_nominalTrainWorkflow.R: entering myglm...
[140001] caret_nominalTrainWorkflow.R: calling glm...
[140001] caret_nominalTrainWorkflow.R: calling glm...
[140001] caret_nominalTrainWorkflow.R: calling glm...
[140001] caret_nominalTrainWorkflow.R: entering myglm...
[140001] caret_nominalTrainWorkflow.R: entering myglm...
[140001] caret_nominalTrainWorkflow.R: entering myglm...
[140331] caret_nominalTrainWorkflow.R: iter: 1; parm: 1; processing...
[140331] caret_nominalTrainWorkflow.R: iter: 2; parm: 1; processing...
[140331] caret_nominalTrainWorkflow.R: iter: 3; parm: 1; processing...
[140331] caret_nominalTrainWorkflow.R: iter: 4; parm: 1; processing...
[140331] caret_nominalTrainWorkflow.R: iter: 5; parm: 1; processing...
[140331] caret_nominalTrainWorkflow.R: iter: 6; parm: 1; processing...
[140331] caret_nominalTrainWorkflow.R: iter: 1; parm: 1; calling createModel...
[140331] caret_nominalTrainWorkflow.R: iter: 2; parm: 1; calling createModel...
[140331] caret_nominalTrainWorkflow.R: iter: 3; parm: 1; calling createModel...
[140331] caret_nominalTrainWorkflow.R: iter: 4; parm: 1; calling createModel...
[140331] caret_nominalTrainWorkflow.R: entering mycreateModel...
[140331] caret_nominalTrainWorkflow.R: entering mycreateModel...
[140331] caret_nominalTrainWorkflow.R: iter: 5; parm: 1; calling createModel...
[140331] caret_nominalTrainWorkflow.R: entering mycreateModel...
[140331] caret_nominalTrainWorkflow.R: entering mycreateModel...
[140331] caret_nominalTrainWorkflow.R: entering mycreateModel...
[140331] caret_nominalTrainWorkflow.R: cond1: FALSE; cond2: FALSE; cond3: FALSE
[140331] caret_nominalTrainWorkflow.R: cond1: FALSE; cond2: FALSE; cond3: FALSE
[140331] caret_nominalTrainWorkflow.R: iter: 6; parm: 1; calling createModel...
[140331] caret_nominalTrainWorkflow.R: cond1: FALSE; cond2: FALSE; cond3: FALSE
[140331] caret_nominalTrainWorkflow.R: cond1: FALSE; cond2: FALSE; cond3: FALSE
[140331] caret_nominalTrainWorkflow.R: cond1: FALSE; cond2: FALSE; cond3: FALSE
[140331] caret_nominalTrainWorkflow.R: calling Generalized Linear Model$fit...
[140331] caret_nominalTrainWorkflow.R: calling Generalized Linear Model$fit...
[140331] caret_nominalTrainWorkflow.R: entering mycreateModel...
[140331] caret_nominalTrainWorkflow.R: calling Generalized Linear Model$fit...
[140331] caret_nominalTrainWorkflow.R: calling Generalized Linear Model$fit...
[140331] caret_nominalTrainWorkflow.R: entering mymethodfit...
[140331] caret_nominalTrainWorkflow.R: calling Generalized Linear Model$fit...
[140331] caret_nominalTrainWorkflow.R: entering mymethodfit...
[140331] caret_nominalTrainWorkflow.R: cond1: FALSE; cond2: FALSE; cond3: FALSE
[140331] caret_nominalTrainWorkflow.R: entering mymethodfit...
[140331] caret_nominalTrainWorkflow.R: entering mymethodfit...
[140331] caret_nominalTrainWorkflow.R: entering mymethodfit...
[140331] caret_nominalTrainWorkflow.R: calling Generalized Linear Model$fit...
[140331] caret_nominalTrainWorkflow.R: entering mymethodfit...
[140331] caret_nominalTrainWorkflow.R: calling glm...
[140331] caret_nominalTrainWorkflow.R: calling glm...
[140331] caret_nominalTrainWorkflow.R: calling glm...
[140331] caret_nominalTrainWorkflow.R: calling glm...
[140331] caret_nominalTrainWorkflow.R: entering myglm...
[140331] caret_nominalTrainWorkflow.R: calling glm...
[140331] caret_nominalTrainWorkflow.R: entering myglm...
[140331] caret_nominalTrainWorkflow.R: entering myglm...
[140331] caret_nominalTrainWorkflow.R: entering myglm...
[140331] caret_nominalTrainWorkflow.R: entering myglm...
[140331] caret_nominalTrainWorkflow.R: calling glm...
[140331] caret_nominalTrainWorkflow.R: entering myglm...
[140331] caret_nominalTrainWorkflow.R: building fit[1]...
[140331] caret_nominalTrainWorkflow.R: building fit[1]...
[140331] caret_nominalTrainWorkflow.R: building fit[1]...
[140331] caret_nominalTrainWorkflow.R: building fit[1]...
[140331] caret_nominalTrainWorkflow.R: building fit[1]...
[140331] caret_nominalTrainWorkflow.R: building fit[1]...
[140745] caret_nominalTrainWorkflow.R: iter: 1; parm: 1; processing...
[140745] caret_nominalTrainWorkflow.R: iter: 2; parm: 1; processing...
[140745] caret_nominalTrainWorkflow.R: iter: 3; parm: 1; processing...
[140745] caret_nominalTrainWorkflow.R: iter: 4; parm: 1; processing...
[140745] caret_nominalTrainWorkflow.R: iter: 5; parm: 1; processing...
[140745] caret_nominalTrainWorkflow.R: iter: 6; parm: 1; processing...
[140745] caret_nominalTrainWorkflow.R: iter: 1; parm: 1; calling createModel...
[140745] caret_nominalTrainWorkflow.R: iter: 2; parm: 1; calling createModel...
[140745] caret_nominalTrainWorkflow.R: iter: 3; parm: 1; calling createModel...
[140745] caret_nominalTrainWorkflow.R: iter: 4; parm: 1; calling createModel...
[140745] caret_nominalTrainWorkflow.R: entering mycreateModel...
[140745] caret_nominalTrainWorkflow.R: iter: 5; parm: 1; calling createModel...
[140745] caret_nominalTrainWorkflow.R: entering mycreateModel...
[140745] caret_nominalTrainWorkflow.R: iter: 6; parm: 1; calling createModel...
[140745] caret_nominalTrainWorkflow.R: entering mycreateModel...
[140745] caret_nominalTrainWorkflow.R: cond1: FALSE; cond2: FALSE; cond3: FALSE
[140745] caret_nominalTrainWorkflow.R: entering mycreateModel...
[140745] caret_nominalTrainWorkflow.R: entering mycreateModel...
[140745] caret_nominalTrainWorkflow.R: cond1: FALSE; cond2: FALSE; cond3: FALSE
[140745] caret_nominalTrainWorkflow.R: entering mycreateModel...
[140745] caret_nominalTrainWorkflow.R: calling Generalized Linear Model$fit...
[140745] caret_nominalTrainWorkflow.R: cond1: FALSE; cond2: FALSE; cond3: FALSE
[140745] caret_nominalTrainWorkflow.R: calling Generalized Linear Model$fit...
[140745] caret_nominalTrainWorkflow.R: cond1: FALSE; cond2: FALSE; cond3: FALSE
[140745] caret_nominalTrainWorkflow.R: cond1: FALSE; cond2: FALSE; cond3: FALSE
[140745] caret_nominalTrainWorkflow.R: cond1: FALSE; cond2: FALSE; cond3: FALSE
[140745] caret_nominalTrainWorkflow.R: calling Generalized Linear Model$fit...
[140745] caret_nominalTrainWorkflow.R: entering mymethodfit...
[140745] caret_nominalTrainWorkflow.R: entering mymethodfit...
[140745] caret_nominalTrainWorkflow.R: calling Generalized Linear Model$fit...
[140745] caret_nominalTrainWorkflow.R: calling Generalized Linear Model$fit...
[140745] caret_nominalTrainWorkflow.R: calling Generalized Linear Model$fit...
[140745] caret_nominalTrainWorkflow.R: entering mymethodfit...
[140745] caret_nominalTrainWorkflow.R: entering mymethodfit...
[140745] caret_nominalTrainWorkflow.R: entering mymethodfit...
[140745] caret_nominalTrainWorkflow.R: entering mymethodfit...
[140745] caret_nominalTrainWorkflow.R: calling glm...
[140745] caret_nominalTrainWorkflow.R: calling glm...
[140745] caret_nominalTrainWorkflow.R: entering myglm...
[140745] caret_nominalTrainWorkflow.R: calling glm...
[140745] caret_nominalTrainWorkflow.R: calling glm...
[140745] caret_nominalTrainWorkflow.R: calling glm...
[140745] caret_nominalTrainWorkflow.R: calling glm...
[140745] caret_nominalTrainWorkflow.R: entering myglm...
[140745] caret_nominalTrainWorkflow.R: entering myglm...
[140745] caret_nominalTrainWorkflow.R: entering myglm...
[140745] caret_nominalTrainWorkflow.R: entering myglm...
[140745] caret_nominalTrainWorkflow.R: entering myglm...
[140745] caret_nominalTrainWorkflow.R: building fit[1]...
[140745] caret_nominalTrainWorkflow.R: building fit[1]...
[140745] caret_nominalTrainWorkflow.R: building fit[1]...
[140745] caret_nominalTrainWorkflow.R: building fit[1]...
[140745] caret_nominalTrainWorkflow.R: building fit[1]...
[140745] caret_nominalTrainWorkflow.R: mycond: FALSE
[140745] caret_nominalTrainWorkflow.R: building fit[1]...
[140745] caret_nominalTrainWorkflow.R: mycond: FALSE
[140745] caret_nominalTrainWorkflow.R: mycond: FALSE
[140745] caret_nominalTrainWorkflow.R: mycond: FALSE
[140745] caret_nominalTrainWorkflow.R: mycond: FALSE
[140745] caret_nominalTrainWorkflow.R: mycond: FALSE
[141143] caret_nominalTrainWorkflow.R: iter: 6; parm: 1; processing...
[141143] caret_nominalTrainWorkflow.R: iter: 1; parm: 1; processing...
[141143] caret_nominalTrainWorkflow.R: iter: 5; parm: 1; processing...
[141143] caret_nominalTrainWorkflow.R: iter: 3; parm: 1; processing...
[141143] caret_nominalTrainWorkflow.R: iter: 2; parm: 1; processing...
[141143] caret_nominalTrainWorkflow.R: iter: 4; parm: 1; processing...
[141143] caret_nominalTrainWorkflow.R: iter: 6; parm: 1; calling createModel...
[141143] caret_nominalTrainWorkflow.R: entering mycreateModel...
[141143] caret_nominalTrainWorkflow.R: iter: 4; parm: 1; calling createModel...
[141143] caret_nominalTrainWorkflow.R: iter: 5; parm: 1; calling createModel...
[141143] caret_nominalTrainWorkflow.R: iter: 2; parm: 1; calling createModel...
[141143] caret_nominalTrainWorkflow.R: iter: 1; parm: 1; calling createModel...
[141143] caret_nominalTrainWorkflow.R: iter: 3; parm: 1; calling createModel...
[141143] caret_nominalTrainWorkflow.R: entering mycreateModel...
[141143] caret_nominalTrainWorkflow.R: entering mycreateModel...
[141143] caret_nominalTrainWorkflow.R: cond1: FALSE; cond2: FALSE; cond3: FALSE
[141143] caret_nominalTrainWorkflow.R: entering mycreateModel...
[141143] caret_nominalTrainWorkflow.R: entering mycreateModel...
[141143] caret_nominalTrainWorkflow.R: entering mycreateModel...
[141143] caret_nominalTrainWorkflow.R: calling Generalized Linear Model$fit...
[141143] caret_nominalTrainWorkflow.R: cond1: FALSE; cond2: FALSE; cond3: FALSE
[141143] caret_nominalTrainWorkflow.R: cond1: FALSE; cond2: FALSE; cond3: FALSE
[141143] caret_nominalTrainWorkflow.R: cond1: FALSE; cond2: FALSE; cond3: FALSE
[141143] caret_nominalTrainWorkflow.R: cond1: FALSE; cond2: FALSE; cond3: FALSE
[141143] caret_nominalTrainWorkflow.R: cond1: FALSE; cond2: FALSE; cond3: FALSE
[141143] caret_nominalTrainWorkflow.R: calling Generalized Linear Model$fit...
[141143] caret_nominalTrainWorkflow.R: calling Generalized Linear Model$fit...
[141143] caret_nominalTrainWorkflow.R: calling Generalized Linear Model$fit...
[141143] caret_nominalTrainWorkflow.R: calling Generalized Linear Model$fit...
[141143] caret_nominalTrainWorkflow.R: calling Generalized Linear Model$fit...
[141143] caret_nominalTrainWorkflow.R: entering mymethodfit...
[141143] caret_nominalTrainWorkflow.R: entering mymethodfit...
[141143] caret_nominalTrainWorkflow.R: entering mymethodfit...
[141143] caret_nominalTrainWorkflow.R: entering mymethodfit...
[141143] caret_nominalTrainWorkflow.R: entering mymethodfit...
[141143] caret_nominalTrainWorkflow.R: entering mymethodfit...
[141144] caret_nominalTrainWorkflow.R: calling glm...
[141144] caret_nominalTrainWorkflow.R: calling glm...
[141144] caret_nominalTrainWorkflow.R: calling glm...
[141144] caret_nominalTrainWorkflow.R: calling glm...
[141144] caret_nominalTrainWorkflow.R: calling glm...
[141144] caret_nominalTrainWorkflow.R: calling glm...
[141144] caret_nominalTrainWorkflow.R: entering myglm...
[141144] caret_nominalTrainWorkflow.R: entering myglm...
[141144] caret_nominalTrainWorkflow.R: entering myglm...
[141144] caret_nominalTrainWorkflow.R: entering myglm...
[141144] caret_nominalTrainWorkflow.R: entering myglm...
[141144] caret_nominalTrainWorkflow.R: entering myglm...
[141144] myglm: building fit[1]...
[141144] myglm: building fit[1]...
[141144] myglm: building fit[1]...
[141144] myglm: building fit[1]...
[141144] myglm: mycond: FALSE
[141144] myglm: mycond: FALSE
[141144] myglm: building fit[1]...
[141144] myglm: building fit[1]...
[141144] myglm: class(method): character
[141144] myglm: mycond: FALSE
[141144] myglm: mycond: FALSE
[141144] myglm: class(method): character
[141144] myglm: mycond: FALSE
[141144] myglm: mycond: FALSE
[141144] myglm: class(method): character
[141144] myglm: class(method): character
[141144] myglm: class(method): character
[141144] myglm: class(method): character
[141231] myglm: method: Generalized Linear Model
[141657] caret_nominalTrainWorkflow.R: iter: 1; parm: 1; processing...
[141657] caret_nominalTrainWorkflow.R: iter: 2; parm: 1; processing...
[141657] caret_nominalTrainWorkflow.R: iter: 3; parm: 1; processing...
[141657] caret_nominalTrainWorkflow.R: iter: 4; parm: 1; processing...
[141657] caret_nominalTrainWorkflow.R: iter: 5; parm: 1; processing...
[141657] caret_nominalTrainWorkflow.R: iter: 1; parm: 1; calling createModel...
[141657] caret_nominalTrainWorkflow.R: iter: 6; parm: 1; processing...
[141657] caret_nominalTrainWorkflow.R: iter: 2; parm: 1; calling createModel...
[141657] caret_nominalTrainWorkflow.R: entering mycreateModel...
[141657] caret_nominalTrainWorkflow.R: iter: 3; parm: 1; calling createModel...
[141657] caret_nominalTrainWorkflow.R: iter: 4; parm: 1; calling createModel...
[141657] caret_nominalTrainWorkflow.R: entering mycreateModel...
[141657] caret_nominalTrainWorkflow.R: cond1: FALSE; cond2: FALSE; cond3: FALSE
[141657] caret_nominalTrainWorkflow.R: iter: 5; parm: 1; calling createModel...
[141657] caret_nominalTrainWorkflow.R: entering mycreateModel...
[141657] caret_nominalTrainWorkflow.R: entering mycreateModel...
[141657] caret_nominalTrainWorkflow.R: cond1: FALSE; cond2: FALSE; cond3: FALSE
[141657] caret_nominalTrainWorkflow.R: iter: 6; parm: 1; calling createModel...
[141657] caret_nominalTrainWorkflow.R: calling Generalized Linear Model$fit...
[141657] caret_nominalTrainWorkflow.R: entering mycreateModel...
[141657] caret_nominalTrainWorkflow.R: cond1: FALSE; cond2: FALSE; cond3: FALSE
[141657] caret_nominalTrainWorkflow.R: cond1: FALSE; cond2: FALSE; cond3: FALSE
[141657] caret_nominalTrainWorkflow.R: calling Generalized Linear Model$fit...
[141657] caret_nominalTrainWorkflow.R: entering mycreateModel...
[141657] caret_nominalTrainWorkflow.R: entering mymethodfit...
[141657] caret_nominalTrainWorkflow.R: cond1: FALSE; cond2: FALSE; cond3: FALSE
[141657] caret_nominalTrainWorkflow.R: calling Generalized Linear Model$fit...
[141657] caret_nominalTrainWorkflow.R: calling Generalized Linear Model$fit...
[141657] caret_nominalTrainWorkflow.R: entering mymethodfit...
[141657] caret_nominalTrainWorkflow.R: cond1: FALSE; cond2: FALSE; cond3: FALSE
[141657] caret_nominalTrainWorkflow.R: calling Generalized Linear Model$fit...
[141657] caret_nominalTrainWorkflow.R: entering mymethodfit...
[141657] caret_nominalTrainWorkflow.R: entering mymethodfit...
[141657] caret_nominalTrainWorkflow.R: calling Generalized Linear Model$fit...
[141657] caret_nominalTrainWorkflow.R: entering mymethodfit...
[141657] caret_nominalTrainWorkflow.R: entering mymethodfit...
[141657] caret_nominalTrainWorkflow.R: calling glm...
[141657] caret_nominalTrainWorkflow.R: calling glm...
[141657] caret_nominalTrainWorkflow.R: entering myglm...
[141657] caret_nominalTrainWorkflow.R: entering myglm...
[141657] caret_nominalTrainWorkflow.R: calling glm...
[141657] caret_nominalTrainWorkflow.R: calling glm...
[141657] caret_nominalTrainWorkflow.R: entering myglm...
[141657] caret_nominalTrainWorkflow.R: entering myglm...
[141657] caret_nominalTrainWorkflow.R: calling glm...
[141657] caret_nominalTrainWorkflow.R: calling glm...
[141657] caret_nominalTrainWorkflow.R: entering myglm...
[141657] caret_nominalTrainWorkflow.R: entering myglm...
[141657] myglm: building fit[1]...
[141657] myglm: building fit[1]...
[141657] myglm: building fit[1]...
[141657] myglm: building fit[1]...
[141657] myglm: mycond: FALSE
[141657] myglm: mycond: FALSE
[141657] myglm: mycond: FALSE
[141657] myglm: mycond: FALSE
[141657] myglm: building fit[1]...
[141657] myglm: method: glm.fit
[141657] myglm: method: glm.fit
[141657] myglm: method: glm.fit
[141657] myglm: method: glm.fit
[141657] myglm: mycond: FALSE
[141657] myglm: method: glm.fit
[141657] myglm: building fit[1]...
[141657] myglm: mycond: FALSE
[141657] myglm: method: glm.fit
[143028] caret_nominalTrainWorkflow.R: iter: 1; parm: 1; processing...
[143028] caret_nominalTrainWorkflow.R: iter: 2; parm: 1; processing...
[143028] caret_nominalTrainWorkflow.R: iter: 3; parm: 1; processing...
[143028] caret_nominalTrainWorkflow.R: iter: 4; parm: 1; processing...
[143028] caret_nominalTrainWorkflow.R: iter: 5; parm: 1; processing...
[143028] caret_nominalTrainWorkflow.R: iter: 6; parm: 1; processing...
[143028] caret_nominalTrainWorkflow.R: iter: 2; parm: 1; calling createModel...
[143028] caret_nominalTrainWorkflow.R: iter: 1; parm: 1; calling createModel...
[143028] caret_nominalTrainWorkflow.R: iter: 3; parm: 1; calling createModel...
[143028] caret_nominalTrainWorkflow.R: iter: 5; parm: 1; calling createModel...
[143028] caret_nominalTrainWorkflow.R: iter: 4; parm: 1; calling createModel...
[143028] caret_nominalTrainWorkflow.R: entering mycreateModel...
[143028] caret_nominalTrainWorkflow.R: entering mycreateModel...
[143028] caret_nominalTrainWorkflow.R: entering mycreateModel...
[143028] caret_nominalTrainWorkflow.R: iter: 6; parm: 1; calling createModel...
[143028] caret_nominalTrainWorkflow.R: entering mycreateModel...
[143028] caret_nominalTrainWorkflow.R: entering mycreateModel...
[143028] caret_nominalTrainWorkflow.R: cond1: FALSE; cond2: FALSE; cond3: FALSE
[143028] caret_nominalTrainWorkflow.R: cond1: FALSE; cond2: FALSE; cond3: FALSE
[143028] caret_nominalTrainWorkflow.R: cond1: FALSE; cond2: FALSE; cond3: FALSE
[143028] caret_nominalTrainWorkflow.R: entering mycreateModel...
[143028] caret_nominalTrainWorkflow.R: cond1: FALSE; cond2: FALSE; cond3: FALSE
[143028] caret_nominalTrainWorkflow.R: cond1: FALSE; cond2: FALSE; cond3: FALSE
[143028] caret_nominalTrainWorkflow.R: calling Generalized Linear Model$fit...
[143028] caret_nominalTrainWorkflow.R: calling Generalized Linear Model$fit...
[143028] caret_nominalTrainWorkflow.R: calling Generalized Linear Model$fit...
[143028] caret_nominalTrainWorkflow.R: cond1: FALSE; cond2: FALSE; cond3: FALSE
[143028] caret_nominalTrainWorkflow.R: calling Generalized Linear Model$fit...
[143028] caret_nominalTrainWorkflow.R: calling Generalized Linear Model$fit...
[143028] caret_nominalTrainWorkflow.R: entering mymethodfit...
[143028] caret_nominalTrainWorkflow.R: entering mymethodfit...
[143028] caret_nominalTrainWorkflow.R: entering mymethodfit...
[143028] caret_nominalTrainWorkflow.R: calling Generalized Linear Model$fit...
[143028] caret_nominalTrainWorkflow.R: entering mymethodfit...
[143028] caret_nominalTrainWorkflow.R: entering mymethodfit...
[143028] caret_nominalTrainWorkflow.R: entering mymethodfit...
[143028] caret_nominalTrainWorkflow.R: calling glm...
[143028] caret_nominalTrainWorkflow.R: calling glm...
[143028] caret_nominalTrainWorkflow.R: calling glm...
[143028] caret_nominalTrainWorkflow.R: calling glm...
[143028] caret_nominalTrainWorkflow.R: calling glm...
[143028] caret_nominalTrainWorkflow.R: entering myglm...
[143028] caret_nominalTrainWorkflow.R: entering myglm...
[143028] caret_nominalTrainWorkflow.R: entering myglm...
[143028] caret_nominalTrainWorkflow.R: entering myglm...
[143028] caret_nominalTrainWorkflow.R: calling glm...
[143028] caret_nominalTrainWorkflow.R: entering myglm...
[143028] caret_nominalTrainWorkflow.R: entering myglm...
[143028] myglm: building fit[1]...
[143028] myglm: building fit[1]...
[143028] myglm: building fit[1]...
[143028] myglm: mycond: FALSE
[143028] myglm: mycond: FALSE
[143028] myglm: mycond: FALSE
[143028] myglm: method: glm.fit
[143028] myglm: building fit[1]...
[143028] myglm: building fit[1]...
[143028] myglm: method: glm.fit
[143028] myglm: method: glm.fit
[143028] myglm: mycond: FALSE
[143028] myglm: mycond: FALSE
[143028] myglm.fit: ...
[143028] myglm.fit: ...
[143028] myglm: method: glm.fit
[143028] myglm.fit: ...
[143028] myglm: method: glm.fit
[143028] myglm.fit: ...
[143028] myglm.fit: ...
[143028] caret_nominalTrainWorkflow.R: iter: 3; parm: 1; class(.Last.value): function; ended createModel...
[143028] myglm: building fit[1]...
[143028] caret_nominalTrainWorkflow.R: iter: 1; parm: 1; class(.Last.value): function; ended createModel...
[143028] caret_nominalTrainWorkflow.R: iter: 2; parm: 1; class(.Last.value): function; ended createModel...
[143028] caret_nominalTrainWorkflow.R: iter: 9; parm: 1; processing...
[143028] myglm: mycond: FALSE
[143028] caret_nominalTrainWorkflow.R: iter: 7; parm: 1; processing...
[143028] caret_nominalTrainWorkflow.R: iter: 8; parm: 1; processing...
[143028] myglm: method: glm.fit
[143028] caret_nominalTrainWorkflow.R: iter: 5; parm: 1; class(.Last.value): function; ended createModel...
[143028] caret_nominalTrainWorkflow.R: iter: 4; parm: 1; class(.Last.value): function; ended createModel...
[143028] caret_nominalTrainWorkflow.R: iter: 9; parm: 1; calling createModel...
[143028] caret_nominalTrainWorkflow.R: iter: 7; parm: 1; calling createModel...
[143028] caret_nominalTrainWorkflow.R: iter: 8; parm: 1; calling createModel...
[143028] myglm.fit: ...
[143028] caret_nominalTrainWorkflow.R: entering mycreateModel...
[143028] caret_nominalTrainWorkflow.R: entering mycreateModel...
[143028] caret_nominalTrainWorkflow.R: entering mycreateModel...
[143028] caret_nominalTrainWorkflow.R: cond1: FALSE; cond2: FALSE; cond3: FALSE
[143028] caret_nominalTrainWorkflow.R: cond1: FALSE; cond2: FALSE; cond3: FALSE
[143028] caret_nominalTrainWorkflow.R: cond1: FALSE; cond2: FALSE; cond3: FALSE
[143028] caret_nominalTrainWorkflow.R: iter: 6; parm: 1; class(.Last.value): function; ended createModel...
[143028] caret_nominalTrainWorkflow.R: calling Generalized Linear Model$fit...
[143028] caret_nominalTrainWorkflow.R: calling Generalized Linear Model$fit...
[143028] caret_nominalTrainWorkflow.R: calling Generalized Linear Model$fit...
[143028] caret_nominalTrainWorkflow.R: entering mymethodfit...
[143028] caret_nominalTrainWorkflow.R: entering mymethodfit...
[143028] caret_nominalTrainWorkflow.R: entering mymethodfit...
[143028] caret_nominalTrainWorkflow.R: calling glm...
[143028] caret_nominalTrainWorkflow.R: calling glm...
[143028] caret_nominalTrainWorkflow.R: calling glm...
[143028] caret_nominalTrainWorkflow.R: entering myglm...
[143028] caret_nominalTrainWorkflow.R: entering myglm...
[143028] caret_nominalTrainWorkflow.R: entering myglm...
[143028] myglm: building fit[1]...
[143028] myglm: building fit[1]...
[143028] myglm: building fit[1]...
[143028] myglm: mycond: FALSE
[143028] myglm: mycond: FALSE
[143028] myglm: mycond: FALSE
[143028] myglm: method: glm.fit
[143028] myglm: method: glm.fit
[143028] myglm: method: glm.fit
[143028] myglm.fit: ...
[143028] myglm.fit: ...
[143028] myglm.fit: ...
[143028] caret_nominalTrainWorkflow.R: iter: 9; parm: 1; class(.Last.value): function; ended createModel...
[143028] caret_nominalTrainWorkflow.R: iter: 7; parm: 1; class(.Last.value): function; ended createModel...
[143028] caret_nominalTrainWorkflow.R: iter: 8; parm: 1; class(.Last.value): function; ended createModel...
